<?xml version="1.0" encoding="UTF-8"?>
<!-- Generated by org.testng.reporters.JUnitXMLReporter -->
<testsuite hostname="Eoins-MacBook-Pro.local" failures="1" tests="10" name="PoolTestFirefox" time="67.016" errors="0" timestamp="29 Jun 2022 13:13:03 GMT">
  <testcase classname="com.browserstack.suite.SuiteTest03" name="test_03" time="2.581"/>
  <testcase classname="com.browserstack.suite.SuiteTest02" name="test_02" time="3.06"/>
  <testcase classname="com.browserstack.suite.SuiteTest01" name="test_01" time="2.868"/>
  <testcase classname="com.browserstack.suite.SuiteTest04" name="test_04" time="2.636"/>
  <testcase classname="com.browserstack.suite.SuiteTest05" name="test_05" time="2.503">
    <failure type="org.openqa.selenium.NoSuchElementException" message="Unable to locate element: //*[@id=&amp;quot;1&amp;quot;]/p
For documentation on this error, please visit: http://seleniumhq.org/exceptions/no_such_element.html
Build info: version: &amp;apos;3.12.0&amp;apos;, revision: &amp;apos;7c6e0b3&amp;apos;, time: &amp;apos;2018-05-08T14:04:26.12Z&amp;apos;
System info: host: &amp;apos;Eoins-MacBook-Pro.local&amp;apos;, ip: &amp;apos;fe80:0:0:0:10ca:dd1:f9f8:be54%en0&amp;apos;, os.name: &amp;apos;Mac OS X&amp;apos;, os.arch: &amp;apos;x86_64&amp;apos;, os.version: &amp;apos;11.4&amp;apos;, java.version: &amp;apos;18.0.1.1&amp;apos;
Driver info: org.openqa.selenium.remote.RemoteWebDriver
Capabilities {acceptInsecureCerts: false, browserName: firefox, browserVersion: 101.0, javascriptEnabled: true, moz:accessibilityChecks: false, moz:buildID: 20220526203855, moz:geckodriverVersion: 0.31.0, moz:headless: false, moz:processID: 11956, moz:profile: C:\Windows\proxy\rust_mozpr..., moz:shutdownTimeout: 60000, moz:useNonSpecCompliantPointerOrigin: false, moz:webdriverClick: true, pageLoadStrategy: normal, platform: WINDOWS, platformName: WINDOWS, platformVersion: 10.0, proxy: Proxy(), setWindowRect: true, strictFileInteractability: false, timeouts: {implicit: 0, pageLoad: 300000, script: 30000}, unhandledPromptBehavior: dismiss and notify, webdriver.remote.sessionid: ef37758a5f7049748273095a0fa...}
Session ID: ef37758a5f7049748273095a0fa8f1d734ce1543
*** Element info: {Using=xpath, value=//*[@id=&amp;quot;1&amp;quot;]/p}">
      <![CDATA[org.openqa.selenium.NoSuchElementException: Unable to locate element: //*[@id="1"]/p
For documentation on this error, please visit: http://seleniumhq.org/exceptions/no_such_element.html
Build info: version: '3.12.0', revision: '7c6e0b3', time: '2018-05-08T14:04:26.12Z'
System info: host: 'Eoins-MacBook-Pro.local', ip: 'fe80:0:0:0:10ca:dd1:f9f8:be54%en0', os.name: 'Mac OS X', os.arch: 'x86_64', os.version: '11.4', java.version: '18.0.1.1'
Driver info: org.openqa.selenium.remote.RemoteWebDriver
Capabilities {acceptInsecureCerts: false, browserName: firefox, browserVersion: 101.0, javascriptEnabled: true, moz:accessibilityChecks: false, moz:buildID: 20220526203855, moz:geckodriverVersion: 0.31.0, moz:headless: false, moz:processID: 11956, moz:profile: C:\Windows\proxy\rust_mozpr..., moz:shutdownTimeout: 60000, moz:useNonSpecCompliantPointerOrigin: false, moz:webdriverClick: true, pageLoadStrategy: normal, platform: WINDOWS, platformName: WINDOWS, platformVersion: 10.0, proxy: Proxy(), setWindowRect: true, strictFileInteractability: false, timeouts: {implicit: 0, pageLoad: 300000, script: 30000}, unhandledPromptBehavior: dismiss and notify, webdriver.remote.sessionid: ef37758a5f7049748273095a0fa...}
Session ID: ef37758a5f7049748273095a0fa8f1d734ce1543
*** Element info: {Using=xpath, value=//*[@id="1"]/p}
	at org.openqa.selenium.remote.http.W3CHttpResponseCodec.createException(W3CHttpResponseCodec.java:187)
	at org.openqa.selenium.remote.http.W3CHttpResponseCodec.decode(W3CHttpResponseCodec.java:122)
	at org.openqa.selenium.remote.http.W3CHttpResponseCodec.decode(W3CHttpResponseCodec.java:49)
	at org.openqa.selenium.remote.HttpCommandExecutor.execute(HttpCommandExecutor.java:158)
	at org.openqa.selenium.remote.RemoteWebDriver.execute(RemoteWebDriver.java:543)
	at org.openqa.selenium.remote.RemoteWebDriver.findElement(RemoteWebDriver.java:317)
	at org.openqa.selenium.remote.RemoteWebDriver.findElementByXPath(RemoteWebDriver.java:419)
	at org.openqa.selenium.By$ByXPath.findElement(By.java:353)
	at org.openqa.selenium.remote.RemoteWebDriver.findElement(RemoteWebDriver.java:309)
	at com.browserstack.suite.SuiteTest05.test_05(SuiteTest05.java:23)
	at java.base/java.util.concurrent.ThreadPoolExecutor.runWorker(ThreadPoolExecutor.java:1136)
	at java.base/java.util.concurrent.ThreadPoolExecutor$Worker.run(ThreadPoolExecutor.java:635)
	at java.base/java.lang.Thread.run(Thread.java:833)
... Removed 11 stack frames]]>
    </failure>
  </testcase> <!-- test_05 -->
  <testcase classname="com.browserstack.suite.SuiteTest06" name="test_06" time="3.137"/>
  <testcase classname="com.browserstack.suite.SuiteTest07" name="test_07" time="2.572"/>
  <testcase classname="com.browserstack.suite.SuiteTest08" name="test_08" time="3.119"/>
  <testcase classname="com.browserstack.suite.SuiteTest09" name="test_09" time="2.984"/>
  <testcase classname="com.browserstack.suite.SuiteTest10" name="test_10" time="3.834"/>
</testsuite> <!-- PoolTestFirefox -->
